2024-10-20 15:36:56,468 INFO: 
                ____                _       _____  ____
               / __ ) ____ _ _____ (_)_____/ ___/ / __ \
              / __  |/ __ `// ___// // ___/\__ \ / /_/ /
             / /_/ // /_/ /(__  )/ // /__ ___/ // _, _/
            /_____/ \__,_//____//_/ \___//____//_/ |_|
     ______                   __   __                 __      __
    / ____/____   ____   ____/ /  / /   __  __ _____ / /__   / /
   / / __ / __ \ / __ \ / __  /  / /   / / / // ___// //_/  / /
  / /_/ // /_/ // /_/ // /_/ /  / /___/ /_/ // /__ / /<    /_/
  \____/ \____/ \____/ \____/  /_____/\____/ \___//_/|_|  (_)
    
Version Information: 
	BasicSR: 1.4.2
	PyTorch: 1.13.1+cu117
	TorchVision: 0.14.1+cu117
2024-10-20 15:36:56,469 INFO: 
  name: finetune_RealESRGANx4plus_400k
  model_type: RealESRGANModel
  scale: 4
  num_gpu: 2
  manual_seed: 0
  l1_gt_usm: True
  percep_gt_usm: True
  gan_gt_usm: False
  resize_prob: [0.2, 0.7, 0.1]
  resize_range: [0.15, 1.5]
  gaussian_noise_prob: 0.5
  noise_range: [1, 30]
  poisson_scale_range: [0.05, 3]
  gray_noise_prob: 0.4
  jpeg_range: [30, 95]
  second_blur_prob: 0.8
  resize_prob2: [0.3, 0.4, 0.3]
  resize_range2: [0.3, 1.2]
  gaussian_noise_prob2: 0.5
  noise_range2: [1, 25]
  poisson_scale_range2: [0.05, 2.5]
  gray_noise_prob2: 0.4
  jpeg_range2: [30, 95]
  gt_size: 256
  queue_size: 120
  datasets:[
    train:[
      name: custom_data
      type: RealESRGANDataset
      dataroot_gt: HR
      meta_info: HR/meta_info.txt
      io_backend:[
        type: disk
      ]
      blur_kernel_size: 13
      kernel_list: ['iso', 'aniso', 'generalized_iso', 'generalized_aniso', 'plateau_iso', 'plateau_aniso']
      kernel_prob: [0.45, 0.25, 0.12, 0.03, 0.12, 0.03]
      sinc_prob: 0.2
      blur_sigma: [0.2, 3]
      betag_range: [0.5, 4]
      betap_range: [1, 2]
      blur_kernel_size2: 13
      kernel_list2: ['iso', 'aniso', 'generalized_iso', 'generalized_aniso', 'plateau_iso', 'plateau_aniso']
      kernel_prob2: [0.45, 0.25, 0.12, 0.03, 0.12, 0.03]
      sinc_prob2: 0.2
      blur_sigma2: [0.2, 1.5]
      betag_range2: [0.5, 4]
      betap_range2: [1, 2]
      final_sinc_prob: 0.75
      gt_size: 256
      use_hflip: True
      use_rot: False
      use_shuffle: True
      num_worker_per_gpu: 4
      batch_size_per_gpu: 4
      dataset_enlarge_ratio: 1
      prefetch_mode: cuda
      pin_memory: True
      phase: train
      scale: 4
    ]
  ]
  network_g:[
    type: RRDBNet
    num_in_ch: 3
    num_out_ch: 3
    num_feat: 64
    num_block: 23
    num_grow_ch: 32
  ]
  network_d:[
    type: UNetDiscriminatorSN
    num_in_ch: 3
    num_feat: 64
    skip_connection: True
  ]
  path:[
    pretrain_network_g: /home/be205_18/Real-ESRGAN-master/experiments/finetune_RealESRGANx4plus_400k/models/net_g_180000.pth
    param_key_g: params
    strict_load_g: True
    pretrain_network_d: /home/be205_18/Real-ESRGAN-master/experiments/finetune_RealESRGANx4plus_400k/models/net_d_180000.pth
    param_key_d: params
    strict_load_d: True
    resume_state: experiments/finetune_RealESRGANx4plus_400k/training_states/180000.state
    experiments_root: /home/be205_18/Real-ESRGAN-master/experiments/finetune_RealESRGANx4plus_400k
    models: /home/be205_18/Real-ESRGAN-master/experiments/finetune_RealESRGANx4plus_400k/models
    training_states: /home/be205_18/Real-ESRGAN-master/experiments/finetune_RealESRGANx4plus_400k/training_states
    log: /home/be205_18/Real-ESRGAN-master/experiments/finetune_RealESRGANx4plus_400k
    visualization: /home/be205_18/Real-ESRGAN-master/experiments/finetune_RealESRGANx4plus_400k/visualization
  ]
  train:[
    ema_decay: 0.999
    optim_g:[
      type: Adam
      lr: 0.0001
      weight_decay: 0
      betas: [0.9, 0.99]
    ]
    optim_d:[
      type: Adam
      lr: 0.0001
      weight_decay: 0
      betas: [0.9, 0.99]
    ]
    scheduler:[
      type: MultiStepLR
      milestones: [400000]
      gamma: 0.5
    ]
    total_iter: 400000
    warmup_iter: -1
    pixel_opt:[
      type: L1Loss
      loss_weight: 1.0
      reduction: mean
    ]
    perceptual_opt:[
      type: PerceptualLoss
      layer_weights:[
        conv1_2: 0.1
        conv2_2: 0.1
        conv3_4: 1
        conv4_4: 1
        conv5_4: 1
      ]
      vgg_type: vgg19
      use_input_norm: True
      perceptual_weight: 1.0
      style_weight: 0
      range_norm: False
      criterion: l1
    ]
    gan_opt:[
      type: GANLoss
      gan_type: vanilla
      real_label_val: 1.0
      fake_label_val: 0.0
      loss_weight: 0.1
    ]
    net_d_iters: 1
    net_d_init_iters: 0
  ]
  logger:[
    print_freq: 100
    save_checkpoint_freq: 5000.0
    use_tb_logger: True
    wandb:[
      project: None
      resume_id: None
    ]
  ]
  dist_params:[
    backend: nccl
    port: 29500
  ]
  dist: True
  rank: 0
  world_size: 4
  auto_resume: True
  is_train: True
  root_path: /home/be205_18/Real-ESRGAN-master

2024-10-20 15:36:57,353 INFO: Dataset [RealESRGANDataset] - custom_data is built.
2024-10-20 15:36:57,354 INFO: Training statistics:
	Number of train images: 499
	Dataset enlarge ratio: 1
	Batch size per gpu: 4
	World size (gpu number): 4
	Require iter number per epoch: 32
	Total epochs: 12500; iters: 400000.
2024-10-20 15:36:57,618 INFO: Network [RRDBNet] is created.
